<?xml version="1.0" encoding="UTF-8"?>
<testsuite xmlns:xsi="http://www.w3.org/2001/XMLSchema-instance" xsi:noNamespaceSchemaLocation="https://maven.apache.org/surefire/maven-surefire-plugin/xsd/surefire-test-report.xsd" name="com.github.Marcelo.F.ProdutoTest" time="3.591" tests="1" errors="1" skipped="0" failures="0">
  <properties>
[...]
</properties>
  <testcase name="testeUm" classname="com.github.Marcelo.F.ProdutoTest" time="0.018">
    <error message="java.lang.reflect.InvocationTargetException" type="java.lang.RuntimeException">java.lang.RuntimeException: java.lang.reflect.InvocationTargetException
Caused by: java.lang.reflect.InvocationTargetException
Caused by: java.lang.NoSuchMethodError: 'org.testcontainers.utility.DockerImageName org.testcontainers.utility.DockerImageName.parse(java.lang.String)'
</error>
  </testcase>
</testsuite>